<?xml version="1.0" encoding="UTF-8"?>
<testsuite xmlns:xsi="http://www.w3.org/2001/XMLSchema-instance" xsi:noNamespaceSchemaLocation="https://maven.apache.org/surefire/maven-surefire-plugin/xsd/surefire-test-report.xsd" name="com.hcl.webapp6.AppTest" time="0.095" tests="4" errors="0" skipped="0" failures="0">
  <properties>
[...]
</properties>
  <testcase name="shouldAnswerWithTrue" classname="com.hcl.webapp6.AppTest" time="0.005"/>
  <testcase name="shouldAnswerWithTrue1" classname="com.hcl.webapp6.AppTest" time="0"/>
  <testcase name="shouldAnswerWithTrue2" classname="com.hcl.webapp6.AppTest" time="0"/>
  <testcase name="shouldAnswerWithTrue3" classname="com.hcl.webapp6.AppTest" time="0.001"/>
</testsuite>